\BOOKMARK [1][-]{section.1}{Versuchsziel und \334berblick}{}% 1
\BOOKMARK [1][-]{section.2}{Theoretische Grundlagen}{}% 2
\BOOKMARK [2][-]{subsection.2.1}{Supraleitung}{section.2}% 3
\BOOKMARK [3][-]{subsubsection.2.1.1}{Auftreten der Supraleitung}{subsection.2.1}% 4
\BOOKMARK [3][-]{subsubsection.2.1.2}{BCS-Theorie}{subsection.2.1}% 5
\BOOKMARK [3][-]{subsubsection.2.1.3}{Zerst\366rung der Supraleitung durch Magnetfelder}{subsection.2.1}% 6
\BOOKMARK [2][-]{subsection.2.2}{Magnetfeld einer Spule}{section.2}% 7
\BOOKMARK [2][-]{subsection.2.3}{Das Ge-Thermometer}{section.2}% 8
\BOOKMARK [2][-]{subsection.2.4}{Versuchsaufbau}{section.2}% 9
\BOOKMARK [1][-]{section.3}{Durchf\374hrung}{}% 10
\BOOKMARK [2][-]{subsection.3.1}{Abk\374hlen des Badkryostaten}{section.3}% 11
\BOOKMARK [2][-]{subsection.3.2}{Computerfunktion}{section.3}% 12
\BOOKMARK [2][-]{subsection.3.3}{Kritisches Feld einer supraleitenden Bleiprobe f\374r 2.0K < T < 4.2K}{section.3}% 13
\BOOKMARK [2][-]{subsection.3.4}{Kritisches Feld einer supraleitenden Bleiprobe f\374r 4.2K < T < 10K}{section.3}% 14
\BOOKMARK [1][-]{section.4}{Auswertung}{}% 15
\BOOKMARK [2][-]{subsection.4.1}{Vorversuch}{section.4}% 16
\BOOKMARK [2][-]{subsection.4.2}{Bestimmung der kritischen Magnetfelder}{section.4}% 17
\BOOKMARK [2][-]{subsection.4.3}{Bestimmung der Parameter HC,0 und TC und Vergleich mit der Literatur}{section.4}% 18
\BOOKMARK [2][-]{subsection.4.4}{Fit f\374r das Ge-Thermometer}{section.4}% 19
\BOOKMARK [2][-]{subsection.4.5}{Dampfdruckkurve f\374r Helium}{section.4}% 20
\BOOKMARK [1][-]{section.5}{Vergleich der Thermometer}{}% 21
\BOOKMARK [2][-]{subsection.5.1}{Dampfdruckmessung}{section.5}% 22
\BOOKMARK [2][-]{subsection.5.2}{Germaniumthermometer}{section.5}% 23
\BOOKMARK [2][-]{subsection.5.3}{Vergleich aller drei Thermometer}{section.5}% 24
\BOOKMARK [2][-]{subsection.5.4}{Werte der Gasuhr}{section.5}% 25
